<?xml version="1.0" encoding="UTF-8"?>
<testsuite name="com.moolre.sdk.MoolrePaymentServiceTest" tests="3" skipped="0" failures="0" errors="0" timestamp="2026-09-22T10:53:33" hostname="DANITO-PC" time="0.243">
  <properties/>
  <testcase name="verifyPaymentUsesSandboxStatusContract" classname="com.moolre.sdk.MoolrePaymentServiceTest" time="0.236"/>
  <testcase name="liveEnvironmentUsesLivePaymentEndpoint" classname="com.moolre.sdk.MoolrePaymentServiceTest" time="0.005"/>
  <testcase name="initiatePaymentUsesSandboxContract" classname="com.moolre.sdk.MoolrePaymentServiceTest" time="0.002"/>
  <system-out><![CDATA[]]></system-out>
  <system-err><![CDATA[]]></system-err>
</testsuite>
