<?xml version="1.0" encoding="UTF-8"?>
<testsuite name="com.moolre.sdk.MoolrePaymentServiceTest" tests="3" skipped="0" failures="0" errors="0" timestamp="2026-08-26T19:52:45" hostname="DANITO-PC" time="0.622">
  <properties/>
  <testcase name="verifyPaymentUsesSandboxStatusContract" classname="com.moolre.sdk.MoolrePaymentServiceTest" time="0.608"/>
  <testcase name="liveEnvironmentUsesLivePaymentEndpoint" classname="com.moolre.sdk.MoolrePaymentServiceTest" time="0.008"/>
  <testcase name="initiatePaymentUsesSandboxContract" classname="com.moolre.sdk.MoolrePaymentServiceTest" time="0.004"/>
  <system-out><![CDATA[]]></system-out>
  <system-err><![CDATA[]]></system-err>
</testsuite>
