<?xml version="1.0" encoding="UTF-8"?>
<testsuite name="com.moolre.sdk.compose.MoolrePaymentRequestTest" tests="4" skipped="0" failures="0" errors="0" timestamp="2026-08-26T19:52:50" hostname="DANITO-PC" time="0.004">
  <properties/>
  <testcase name="rejects blank merchant credentials" classname="com.moolre.sdk.compose.MoolrePaymentRequestTest" time="0.001"/>
  <testcase name="request webhook and redirect override merchant defaults" classname="com.moolre.sdk.compose.MoolrePaymentRequestTest" time="0.002"/>
  <testcase name="rejects non-positive amounts before initiation" classname="com.moolre.sdk.compose.MoolrePaymentRequestTest" time="0.001"/>
  <testcase name="maps merchant config and payment values" classname="com.moolre.sdk.compose.MoolrePaymentRequestTest" time="0.0"/>
  <system-out><![CDATA[]]></system-out>
  <system-err><![CDATA[]]></system-err>
</testsuite>
