<?xml version="1.0" encoding="UTF-8"?>
<testsuite name="com.moolre.sdk.MoolreCheckoutContractTest" tests="4" skipped="0" failures="0" errors="0" timestamp="2026-08-26T19:52:44" hostname="DANITO-PC" time="0.037">
  <properties/>
  <testcase name="parseResult_returnsCompletedReference" classname="com.moolre.sdk.MoolreCheckoutContractTest" time="0.032"/>
  <testcase name="parseResult_mapsUserCancellation" classname="com.moolre.sdk.MoolreCheckoutContractTest" time="0.002"/>
  <testcase name="parseResult_preservesCheckoutFailure" classname="com.moolre.sdk.MoolreCheckoutContractTest" time="0.002"/>
  <testcase name="parseResult_rejectsSuccessfulResultWithoutReference" classname="com.moolre.sdk.MoolreCheckoutContractTest" time="0.001"/>
  <system-out><![CDATA[]]></system-out>
  <system-err><![CDATA[]]></system-err>
</testsuite>
